[2024-12-12 20:51:39,821][zerorpc.core][ERROR] - 
Traceback (most recent call last):
  File "/home/my/anaconda3/envs/m3p2i-aip/lib/python3.8/site-packages/zerorpc/core.py", line 153, in _async_task
    functor.pattern.process_call(self._context, bufchan, event, functor)
  File "/home/my/anaconda3/envs/m3p2i-aip/lib/python3.8/site-packages/zerorpc/patterns.py", line 30, in process_call
    result = functor(*req_event.args)
  File "/home/my/anaconda3/envs/m3p2i-aip/lib/python3.8/site-packages/zerorpc/decorators.py", line 44, in __call__
    return self._functor(*args, **kargs)
  File "reactive_tamp.py", line 124, in run_tamp
    self.motion_planner.command(self.sim._dof_state[0])[0]
  File "/home/my/m3p2i-aip-master/src/m3p2i_aip/planners/motion_planner/mppi.py", line 244, in command
    cost_total = self._compute_total_cost_batch_halton()
  File "/home/my/m3p2i-aip-master/src/m3p2i_aip/planners/motion_planner/mppi.py", line 418, in _compute_total_cost_batch_halton
    self.cost_total, self.states, self.actions, self.ee_states = self._compute_rollout_costs(self.perturbed_action)
  File "/home/my/m3p2i-aip-master/src/m3p2i_aip/planners/motion_planner/mppi.py", line 305, in _compute_rollout_costs
    c = self._running_cost(state) # every time stes you get nsamples cost, we need that as output for the discount factor
  File "/home/my/m3p2i-aip-master/src/m3p2i_aip/planners/motion_planner/mppi.py", line 209, in _running_cost
    return self.running_cost(state)
  File "reactive_tamp.py", line 137, in running_cost
    return self.objective.compute_cost(self.sim)
  File "/home/my/m3p2i-aip-master/src/m3p2i_aip/planners/motion_planner/cost_functions1.py", line 77, in compute_cost
    return task_cost + self.get_motion_cost_1(sim)
  File "/home/my/m3p2i-aip-master/src/m3p2i_aip/planners/motion_planner/cost_functions1.py", line 251, in get_motion_cost_1
    distance, self.nn_grad = self.distance_repulsion_nn(sim, q_prev, aot=True)
  File "/home/my/m3p2i-aip-master/src/m3p2i_aip/planners/motion_planner/cost_functions1.py", line 369, in distance_repulsion_nn
    mindist_matrix = mindist.reshape(self.n_obs, n_inputs).transpose(0, 1)
RuntimeError: shape '[16, 18]' is invalid for input of size 16
